<?xml version="1.0" encoding="UTF-8"?>
<testsuite name="SensorTests" tests="1" skipped="0" failures="0" errors="0" timestamp="2021-12-15T13:43:55" hostname="pluto.fritz.box" time="7.101">
  <properties/>
  <testcase name="shouldGetAirTemperature()" classname="SensorTests" time="7.101"/>
  <system-out><![CDATA[]]></system-out>
  <system-err><![CDATA[]]></system-err>
</testsuite>
